  Building Custom Rule C:/Users/sratov/source/repos/Programming_2_st_course/UNN/mp2-lab1-set/samples/CMakeLists.txt
  sample_prime_numbers.cpp
C:\Users\sratov\source\repos\Programming_2_st_course\UNN\mp2-lab1-set\samples\sample_prime_numbers.cpp(22): warning C4566: символ, представленный универсальным именем символа "\u0422", невозможно представить в текущей кодовой странице (1252)
C:\Users\sratov\source\repos\Programming_2_st_course\UNN\mp2-lab1-set\samples\sample_prime_numbers.cpp(22): warning C4566: символ, представленный универсальным именем символа "\u0435", невозможно представить в текущей кодовой странице (1252)
C:\Users\sratov\source\repos\Programming_2_st_course\UNN\mp2-lab1-set\samples\sample_prime_numbers.cpp(22): warning C4566: символ, представленный универсальным именем символа "\u0441", невозможно представить в текущей кодовой странице (1252)
C:\Users\sratov\source\repos\Programming_2_st_course\UNN\mp2-lab1-set\samples\sample_prime_numbers.cpp(22): warning C4566: символ, представленный универсальным именем символа "\u0442", невозможно представить в текущей кодовой странице (1252)
C:\Users\sratov\source\repos\Programming_2_st_course\UNN\mp2-lab1-set\samples\sample_prime_numbers.cpp(22): warning C4566: символ, представленный универсальным именем символа "\u0438", невозможно представить в текущей кодовой странице (1252)
C:\Users\sratov\source\repos\Programming_2_st_course\UNN\mp2-lab1-set\samples\sample_prime_numbers.cpp(22): warning C4566: символ, представленный универсальным именем символа "\u0440", невозможно представить в текущей кодовой странице (1252)
C:\Users\sratov\source\repos\Programming_2_st_course\UNN\mp2-lab1-set\samples\sample_prime_numbers.cpp(22): warning C4566: символ, представленный универсальным именем символа "\u043E", невозможно представить в текущей кодовой странице (1252)
C:\Users\sratov\source\repos\Programming_2_st_course\UNN\mp2-lab1-set\samples\sample_prime_numbers.cpp(22): warning C4566: символ, представленный универсальным именем символа "\u0432", невозможно представить в текущей кодовой странице (1252)
C:\Users\sratov\source\repos\Programming_2_st_course\UNN\mp2-lab1-set\samples\sample_prime_numbers.cpp(22): warning C4566: символ, представленный универсальным именем символа "\u0430", невозможно представить в текущей кодовой странице (1252)
C:\Users\sratov\source\repos\Programming_2_st_course\UNN\mp2-lab1-set\samples\sample_prime_numbers.cpp(22): warning C4566: символ, представленный универсальным именем символа "\u043D", невозможно представить в текущей кодовой странице (1252)
C:\Users\sratov\source\repos\Programming_2_st_course\UNN\mp2-lab1-set\samples\sample_prime_numbers.cpp(22): warning C4566: символ, представленный универсальным именем символа "\u043F", невозможно представить в текущей кодовой странице (1252)
C:\Users\sratov\source\repos\Programming_2_st_course\UNN\mp2-lab1-set\samples\sample_prime_numbers.cpp(22): warning C4566: символ, представленный универсальным именем символа "\u0433", невозможно представить в текущей кодовой странице (1252)
C:\Users\sratov\source\repos\Programming_2_st_course\UNN\mp2-lab1-set\samples\sample_prime_numbers.cpp(22): warning C4566: символ, представленный универсальным именем символа "\u043C", невозможно представить в текущей кодовой странице (1252)
C:\Users\sratov\source\repos\Programming_2_st_course\UNN\mp2-lab1-set\samples\sample_prime_numbers.cpp(22): warning C4566: символ, представленный универсальным именем символа "\u0434", невозможно представить в текущей кодовой странице (1252)
C:\Users\sratov\source\repos\Programming_2_st_course\UNN\mp2-lab1-set\samples\sample_prime_numbers.cpp(22): warning C4566: символ, представленный универсальным именем символа "\u0436", невозможно представить в текущей кодовой странице (1252)
C:\Users\sratov\source\repos\Programming_2_st_course\UNN\mp2-lab1-set\samples\sample_prime_numbers.cpp(22): warning C4566: символ, представленный универсальным именем символа "\u043A", невозможно представить в текущей кодовой странице (1252)
C:\Users\sratov\source\repos\Programming_2_st_course\UNN\mp2-lab1-set\samples\sample_prime_numbers.cpp(22): warning C4566: символ, представленный универсальным именем символа "\u0431", невозможно представить в текущей кодовой странице (1252)
C:\Users\sratov\source\repos\Programming_2_st_course\UNN\mp2-lab1-set\samples\sample_prime_numbers.cpp(22): warning C4566: символ, представленный универсальным именем символа "\u043B", невозможно представить в текущей кодовой странице (1252)
C:\Users\sratov\source\repos\Programming_2_st_course\UNN\mp2-lab1-set\samples\sample_prime_numbers.cpp(22): warning C4566: символ, представленный универсальным именем символа "\u044F", невозможно представить в текущей кодовой странице (1252)
C:\Users\sratov\source\repos\Programming_2_st_course\UNN\mp2-lab1-set\samples\sample_prime_numbers.cpp(23): warning C4566: символ, представленный универсальным именем символа "\u0420", невозможно представить в текущей кодовой странице (1252)
C:\Users\sratov\source\repos\Programming_2_st_course\UNN\mp2-lab1-set\samples\sample_prime_numbers.cpp(23): warning C4566: символ, представленный универсальным именем символа "\u0435", невозможно представить в текущей кодовой странице (1252)
C:\Users\sratov\source\repos\Programming_2_st_course\UNN\mp2-lab1-set\samples\sample_prime_numbers.cpp(23): warning C4566: символ, представленный универсальным именем символа "\u0448", невозможно представить в текущей кодовой странице (1252)
C:\Users\sratov\source\repos\Programming_2_st_course\UNN\mp2-lab1-set\samples\sample_prime_numbers.cpp(23): warning C4566: символ, представленный универсальным именем символа "\u0442", невозможно представить в текущей кодовой странице (1252)
C:\Users\sratov\source\repos\Programming_2_st_course\UNN\mp2-lab1-set\samples\sample_prime_numbers.cpp(23): warning C4566: символ, представленный универсальным именем символа "\u043E", невозможно представить в текущей кодовой странице (1252)
C:\Users\sratov\source\repos\Programming_2_st_course\UNN\mp2-lab1-set\samples\sample_prime_numbers.cpp(23): warning C4566: символ, представленный универсальным именем символа "\u042D", невозможно представить в текущей кодовой странице (1252)
C:\Users\sratov\source\repos\Programming_2_st_course\UNN\mp2-lab1-set\samples\sample_prime_numbers.cpp(23): warning C4566: символ, представленный универсальным именем символа "\u0440", невозможно представить в текущей кодовой странице (1252)
C:\Users\sratov\source\repos\Programming_2_st_course\UNN\mp2-lab1-set\samples\sample_prime_numbers.cpp(23): warning C4566: символ, представленный универсальным именем символа "\u0430", невозможно представить в текущей кодовой странице (1252)
C:\Users\sratov\source\repos\Programming_2_st_course\UNN\mp2-lab1-set\samples\sample_prime_numbers.cpp(23): warning C4566: символ, представленный универсальным именем символа "\u0441", невозможно представить в текущей кодовой странице (1252)
C:\Users\sratov\source\repos\Programming_2_st_course\UNN\mp2-lab1-set\samples\sample_prime_numbers.cpp(23): warning C4566: символ, представленный универсальным именем символа "\u0444", невозможно представить в текущей кодовой странице (1252)
C:\Users\sratov\source\repos\Programming_2_st_course\UNN\mp2-lab1-set\samples\sample_prime_numbers.cpp(23): warning C4566: символ, представленный универсальным именем символа "\u043D", невозможно представить в текущей кодовой странице (1252)
C:\Users\sratov\source\repos\Programming_2_st_course\UNN\mp2-lab1-set\samples\sample_prime_numbers.cpp(24): warning C4566: символ, представленный универсальным именем символа "\u0412", невозможно представить в текущей кодовой странице (1252)
C:\Users\sratov\source\repos\Programming_2_st_course\UNN\mp2-lab1-set\samples\sample_prime_numbers.cpp(24): warning C4566: символ, представленный универсальным именем символа "\u0432", невозможно представить в текущей кодовой странице (1252)
C:\Users\sratov\source\repos\Programming_2_st_course\UNN\mp2-lab1-set\samples\sample_prime_numbers.cpp(24): warning C4566: символ, представленный универсальным именем символа "\u0435", невозможно представить в текущей кодовой странице (1252)
C:\Users\sratov\source\repos\Programming_2_st_course\UNN\mp2-lab1-set\samples\sample_prime_numbers.cpp(24): warning C4566: символ, представленный универсальным именем символа "\u0434", невозможно представить в текущей кодовой странице (1252)
C:\Users\sratov\source\repos\Programming_2_st_course\UNN\mp2-lab1-set\samples\sample_prime_numbers.cpp(24): warning C4566: символ, представленный универсальным именем символа "\u0438", невозможно представить в текущей кодовой странице (1252)
C:\Users\sratov\source\repos\Programming_2_st_course\UNN\mp2-lab1-set\samples\sample_prime_numbers.cpp(24): warning C4566: символ, представленный универсальным именем символа "\u0442", невозможно представить в текущей кодовой странице (1252)
C:\Users\sratov\source\repos\Programming_2_st_course\UNN\mp2-lab1-set\samples\sample_prime_numbers.cpp(24): warning C4566: символ, представленный универсальным именем символа "\u0440", невозможно представить в текущей кодовой странице (1252)
C:\Users\sratov\source\repos\Programming_2_st_course\UNN\mp2-lab1-set\samples\sample_prime_numbers.cpp(24): warning C4566: символ, представленный универсальным именем символа "\u043D", невозможно представить в текущей кодовой странице (1252)
C:\Users\sratov\source\repos\Programming_2_st_course\UNN\mp2-lab1-set\samples\sample_prime_numbers.cpp(24): warning C4566: символ, представленный универсальным именем символа "\u0445", невозможно представить в текущей кодовой странице (1252)
C:\Users\sratov\source\repos\Programming_2_st_course\UNN\mp2-lab1-set\samples\sample_prime_numbers.cpp(24): warning C4566: символ, представленный универсальным именем символа "\u044E", невозможно представить в текущей кодовой странице (1252)
C:\Users\sratov\source\repos\Programming_2_st_course\UNN\mp2-lab1-set\samples\sample_prime_numbers.cpp(24): warning C4566: символ, представленный универсальным именем символа "\u0433", невозможно представить в текущей кодовой странице (1252)
C:\Users\sratov\source\repos\Programming_2_st_course\UNN\mp2-lab1-set\samples\sample_prime_numbers.cpp(24): warning C4566: символ, представленный универсальным именем символа "\u0430", невозможно представить в текущей кодовой странице (1252)
C:\Users\sratov\source\repos\Programming_2_st_course\UNN\mp2-lab1-set\samples\sample_prime_numbers.cpp(24): warning C4566: символ, представленный универсальным именем символа "\u0446", невозможно представить в текущей кодовой странице (1252)
C:\Users\sratov\source\repos\Programming_2_st_course\UNN\mp2-lab1-set\samples\sample_prime_numbers.cpp(24): warning C4566: символ, представленный универсальным именем символа "\u0443", невозможно представить в текущей кодовой странице (1252)
C:\Users\sratov\source\repos\Programming_2_st_course\UNN\mp2-lab1-set\samples\sample_prime_numbers.cpp(24): warning C4566: символ, представленный универсальным именем символа "\u043B", невозможно представить в текущей кодовой странице (1252)
C:\Users\sratov\source\repos\Programming_2_st_course\UNN\mp2-lab1-set\samples\sample_prime_numbers.cpp(24): warning C4566: символ, представленный универсальным именем символа "\u044B", невозможно представить в текущей кодовой странице (1252)
C:\Users\sratov\source\repos\Programming_2_st_course\UNN\mp2-lab1-set\samples\sample_prime_numbers.cpp(24): warning C4566: символ, представленный универсальным именем символа "\u0437", невозможно представить в текущей кодовой странице (1252)
C:\Users\sratov\source\repos\Programming_2_st_course\UNN\mp2-lab1-set\samples\sample_prime_numbers.cpp(24): warning C4566: символ, представленный универсальным именем символа "\u0447", невозможно представить в текущей кодовой странице (1252)
C:\Users\sratov\source\repos\Programming_2_st_course\UNN\mp2-lab1-set\samples\sample_prime_numbers.cpp(24): warning C4566: символ, представленный универсальным именем символа "\u0439", невозможно представить в текущей кодовой странице (1252)
C:\Users\sratov\source\repos\Programming_2_st_course\UNN\mp2-lab1-set\samples\sample_prime_numbers.cpp(38): warning C4566: символ, представленный универсальным именем символа "\u041F", невозможно представить в текущей кодовой странице (1252)
C:\Users\sratov\source\repos\Programming_2_st_course\UNN\mp2-lab1-set\samples\sample_prime_numbers.cpp(38): warning C4566: символ, представленный универсальным именем символа "\u0435", невозможно представить в текущей кодовой странице (1252)
C:\Users\sratov\source\repos\Programming_2_st_course\UNN\mp2-lab1-set\samples\sample_prime_numbers.cpp(38): warning C4566: символ, представленный универсальным именем символа "\u0447", невозможно представить в текущей кодовой странице (1252)
C:\Users\sratov\source\repos\Programming_2_st_course\UNN\mp2-lab1-set\samples\sample_prime_numbers.cpp(38): warning C4566: символ, представленный универсальным именем символа "\u0430", невозможно представить в текущей кодовой странице (1252)
C:\Users\sratov\source\repos\Programming_2_st_course\UNN\mp2-lab1-set\samples\sample_prime_numbers.cpp(38): warning C4566: символ, представленный универсальным именем символа "\u0442", невозможно представить в текущей кодовой странице (1252)
C:\Users\sratov\source\repos\Programming_2_st_course\UNN\mp2-lab1-set\samples\sample_prime_numbers.cpp(38): warning C4566: символ, представленный универсальным именем символа "\u044C", невозможно представить в текущей кодовой странице (1252)
C:\Users\sratov\source\repos\Programming_2_st_course\UNN\mp2-lab1-set\samples\sample_prime_numbers.cpp(38): warning C4566: символ, представленный универсальным именем символа "\u043C", невозможно представить в текущей кодовой странице (1252)
C:\Users\sratov\source\repos\Programming_2_st_course\UNN\mp2-lab1-set\samples\sample_prime_numbers.cpp(38): warning C4566: символ, представленный универсальным именем символа "\u043D", невозможно представить в текущей кодовой странице (1252)
C:\Users\sratov\source\repos\Programming_2_st_course\UNN\mp2-lab1-set\samples\sample_prime_numbers.cpp(38): warning C4566: символ, представленный универсальным именем символа "\u043E", невозможно представить в текущей кодовой странице (1252)
C:\Users\sratov\source\repos\Programming_2_st_course\UNN\mp2-lab1-set\samples\sample_prime_numbers.cpp(38): warning C4566: символ, представленный универсальным именем символа "\u0436", невозможно представить в текущей кодовой странице (1252)
C:\Users\sratov\source\repos\Programming_2_st_course\UNN\mp2-lab1-set\samples\sample_prime_numbers.cpp(38): warning C4566: символ, представленный универсальным именем символа "\u0441", невозможно представить в текущей кодовой странице (1252)
C:\Users\sratov\source\repos\Programming_2_st_course\UNN\mp2-lab1-set\samples\sample_prime_numbers.cpp(38): warning C4566: символ, представленный универсальным именем символа "\u0432", невозможно представить в текущей кодовой странице (1252)
C:\Users\sratov\source\repos\Programming_2_st_course\UNN\mp2-lab1-set\samples\sample_prime_numbers.cpp(38): warning C4566: символ, представленный универсальным именем символа "\u043A", невозможно представить в текущей кодовой странице (1252)
C:\Users\sratov\source\repos\Programming_2_st_course\UNN\mp2-lab1-set\samples\sample_prime_numbers.cpp(38): warning C4566: символ, представленный универсальным именем символа "\u0440", невозможно представить в текущей кодовой странице (1252)
C:\Users\sratov\source\repos\Programming_2_st_course\UNN\mp2-lab1-set\samples\sample_prime_numbers.cpp(38): warning C4566: символ, представленный универсальным именем символа "\u044B", невозможно представить в текущей кодовой странице (1252)
C:\Users\sratov\source\repos\Programming_2_st_course\UNN\mp2-lab1-set\samples\sample_prime_numbers.cpp(38): warning C4566: символ, представленный универсальным именем символа "\u0445", невозможно представить в текущей кодовой странице (1252)
C:\Users\sratov\source\repos\Programming_2_st_course\UNN\mp2-lab1-set\samples\sample_prime_numbers.cpp(38): warning C4566: символ, представленный универсальным именем символа "\u0438", невозможно представить в текущей кодовой странице (1252)
C:\Users\sratov\source\repos\Programming_2_st_course\UNN\mp2-lab1-set\samples\sample_prime_numbers.cpp(38): warning C4566: символ, представленный универсальным именем символа "\u043B", невозможно представить в текущей кодовой странице (1252)
C:\Users\sratov\source\repos\Programming_2_st_course\UNN\mp2-lab1-set\samples\sample_prime_numbers.cpp(39): warning C4566: символ, представленный универсальным именем символа "\u041F", невозможно представить в текущей кодовой странице (1252)
C:\Users\sratov\source\repos\Programming_2_st_course\UNN\mp2-lab1-set\samples\sample_prime_numbers.cpp(39): warning C4566: символ, представленный универсальным именем символа "\u0435", невозможно представить в текущей кодовой странице (1252)
C:\Users\sratov\source\repos\Programming_2_st_course\UNN\mp2-lab1-set\samples\sample_prime_numbers.cpp(39): warning C4566: символ, представленный универсальным именем символа "\u0447", невозможно представить в текущей кодовой странице (1252)
C:\Users\sratov\source\repos\Programming_2_st_course\UNN\mp2-lab1-set\samples\sample_prime_numbers.cpp(39): warning C4566: символ, представленный универсальным именем символа "\u0430", невозможно представить в текущей кодовой странице (1252)
C:\Users\sratov\source\repos\Programming_2_st_course\UNN\mp2-lab1-set\samples\sample_prime_numbers.cpp(39): warning C4566: символ, представленный универсальным именем символа "\u0442", невозможно представить в текущей кодовой странице (1252)
C:\Users\sratov\source\repos\Programming_2_st_course\UNN\mp2-lab1-set\samples\sample_prime_numbers.cpp(39): warning C4566: символ, представленный универсальным именем символа "\u044C", невозможно представить в текущей кодовой странице (1252)
C:\Users\sratov\source\repos\Programming_2_st_course\UNN\mp2-lab1-set\samples\sample_prime_numbers.cpp(39): warning C4566: символ, представленный универсальным именем символа "\u043F", невозможно представить в текущей кодовой странице (1252)
C:\Users\sratov\source\repos\Programming_2_st_course\UNN\mp2-lab1-set\samples\sample_prime_numbers.cpp(39): warning C4566: символ, представленный универсальным именем символа "\u0440", невозможно представить в текущей кодовой странице (1252)
C:\Users\sratov\source\repos\Programming_2_st_course\UNN\mp2-lab1-set\samples\sample_prime_numbers.cpp(39): warning C4566: символ, представленный универсальным именем символа "\u043E", невозможно представить в текущей кодовой странице (1252)
C:\Users\sratov\source\repos\Programming_2_st_course\UNN\mp2-lab1-set\samples\sample_prime_numbers.cpp(39): warning C4566: символ, представленный универсальным именем символа "\u0441", невозможно представить в текущей кодовой странице (1252)
C:\Users\sratov\source\repos\Programming_2_st_course\UNN\mp2-lab1-set\samples\sample_prime_numbers.cpp(39): warning C4566: символ, представленный универсальным именем символа "\u044B", невозможно представить в текущей кодовой странице (1252)
C:\Users\sratov\source\repos\Programming_2_st_course\UNN\mp2-lab1-set\samples\sample_prime_numbers.cpp(39): warning C4566: символ, представленный универсальным именем символа "\u0445", невозможно представить в текущей кодовой странице (1252)
C:\Users\sratov\source\repos\Programming_2_st_course\UNN\mp2-lab1-set\samples\sample_prime_numbers.cpp(39): warning C4566: символ, представленный универсальным именем символа "\u0438", невозможно представить в текущей кодовой странице (1252)
C:\Users\sratov\source\repos\Programming_2_st_course\UNN\mp2-lab1-set\samples\sample_prime_numbers.cpp(39): warning C4566: символ, представленный универсальным именем символа "\u043B", невозможно представить в текущей кодовой странице (1252)
C:\Users\sratov\source\repos\Programming_2_st_course\UNN\mp2-lab1-set\samples\sample_prime_numbers.cpp(51): warning C4566: символ, представленный универсальным именем символа "\u0412", невозможно представить в текущей кодовой странице (1252)
C:\Users\sratov\source\repos\Programming_2_st_course\UNN\mp2-lab1-set\samples\sample_prime_numbers.cpp(51): warning C4566: символ, представленный универсальным именем символа "\u043F", невозможно представить в текущей кодовой странице (1252)
C:\Users\sratov\source\repos\Programming_2_st_course\UNN\mp2-lab1-set\samples\sample_prime_numbers.cpp(51): warning C4566: символ, представленный универсальным именем символа "\u0435", невозможно представить в текущей кодовой странице (1252)
C:\Users\sratov\source\repos\Programming_2_st_course\UNN\mp2-lab1-set\samples\sample_prime_numbers.cpp(51): warning C4566: символ, представленный универсальным именем символа "\u0440", невозможно представить в текущей кодовой странице (1252)
C:\Users\sratov\source\repos\Programming_2_st_course\UNN\mp2-lab1-set\samples\sample_prime_numbers.cpp(51): warning C4566: символ, представленный универсальным именем символа "\u0432", невозможно представить в текущей кодовой странице (1252)
C:\Users\sratov\source\repos\Programming_2_st_course\UNN\mp2-lab1-set\samples\sample_prime_numbers.cpp(51): warning C4566: символ, представленный универсальным именем символа "\u044B", невозможно представить в текущей кодовой странице (1252)
C:\Users\sratov\source\repos\Programming_2_st_course\UNN\mp2-lab1-set\samples\sample_prime_numbers.cpp(51): warning C4566: символ, представленный универсальным именем символа "\u0445", невозможно представить в текущей кодовой странице (1252)
C:\Users\sratov\source\repos\Programming_2_st_course\UNN\mp2-lab1-set\samples\sample_prime_numbers.cpp(51): warning C4566: символ, представленный универсальным именем символа "\u0447", невозможно представить в текущей кодовой странице (1252)
C:\Users\sratov\source\repos\Programming_2_st_course\UNN\mp2-lab1-set\samples\sample_prime_numbers.cpp(51): warning C4566: символ, представленный универсальным именем символа "\u0438", невозможно представить в текущей кодовой странице (1252)
C:\Users\sratov\source\repos\Programming_2_st_course\UNN\mp2-lab1-set\samples\sample_prime_numbers.cpp(51): warning C4566: символ, представленный универсальным именем символа "\u0441", невозможно представить в текущей кодовой странице (1252)
C:\Users\sratov\source\repos\Programming_2_st_course\UNN\mp2-lab1-set\samples\sample_prime_numbers.cpp(51): warning C4566: символ, представленный универсальным именем символа "\u043B", невозможно представить в текущей кодовой странице (1252)
C:\Users\sratov\source\repos\Programming_2_st_course\UNN\mp2-lab1-set\samples\sample_prime_numbers.cpp(51): warning C4566: символ, представленный универсальным именем символа "\u0430", невозможно представить в текущей кодовой странице (1252)
C:\Users\sratov\source\repos\Programming_2_st_course\UNN\mp2-lab1-set\samples\sample_prime_numbers.cpp(51): warning C4566: символ, представленный универсальным именем символа "\u043E", невозможно представить в текущей кодовой странице (1252)
C:\Users\sratov\source\repos\Programming_2_st_course\UNN\mp2-lab1-set\samples\sample_prime_numbers.cpp(51): warning C4566: символ, представленный универсальным именем символа "\u0442", невозможно представить в текущей кодовой странице (1252)
C:\Users\sratov\source\repos\Programming_2_st_course\UNN\mp2-lab1-set\samples\sample_prime_numbers.cpp(52): warning C4566: символ, представленный универсальным именем символа "\u0412", невозможно представить в текущей кодовой странице (1252)
C:\Users\sratov\source\repos\Programming_2_st_course\UNN\mp2-lab1-set\samples\sample_prime_numbers.cpp(52): warning C4566: символ, представленный универсальным именем символа "\u043F", невозможно представить в текущей кодовой странице (1252)
C:\Users\sratov\source\repos\Programming_2_st_course\UNN\mp2-lab1-set\samples\sample_prime_numbers.cpp(52): warning C4566: символ, представленный универсальным именем символа "\u0435", невозможно представить в текущей кодовой странице (1252)
C:\Users\sratov\source\repos\Programming_2_st_course\UNN\mp2-lab1-set\samples\sample_prime_numbers.cpp(52): warning C4566: символ, представленный универсальным именем символа "\u0440", невозможно представить в текущей кодовой странице (1252)
C:\Users\sratov\source\repos\Programming_2_st_course\UNN\mp2-lab1-set\samples\sample_prime_numbers.cpp(52): warning C4566: символ, представленный универсальным именем символа "\u0432", невозможно представить в текущей кодовой странице (1252)
C:\Users\sratov\source\repos\Programming_2_st_course\UNN\mp2-lab1-set\samples\sample_prime_numbers.cpp(52): warning C4566: символ, представленный универсальным именем символа "\u044B", невозможно представить в текущей кодовой странице (1252)
C:\Users\sratov\source\repos\Programming_2_st_course\UNN\mp2-lab1-set\samples\sample_prime_numbers.cpp(52): warning C4566: символ, представленный универсальным именем символа "\u0445", невозможно представить в текущей кодовой странице (1252)
C:\Users\sratov\source\repos\Programming_2_st_course\UNN\mp2-lab1-set\samples\sample_prime_numbers.cpp(52): warning C4566: символ, представленный универсальным именем символа "\u0447", невозможно представить в текущей кодовой странице (1252)
C:\Users\sratov\source\repos\Programming_2_st_course\UNN\mp2-lab1-set\samples\sample_prime_numbers.cpp(52): warning C4566: символ, представленный универсальным именем символа "\u0438", невозможно представить в текущей кодовой странице (1252)
C:\Users\sratov\source\repos\Programming_2_st_course\UNN\mp2-lab1-set\samples\sample_prime_numbers.cpp(52): warning C4566: символ, представленный универсальным именем символа "\u0441", невозможно представить в текущей кодовой странице (1252)
C:\Users\sratov\source\repos\Programming_2_st_course\UNN\mp2-lab1-set\samples\sample_prime_numbers.cpp(52): warning C4566: символ, представленный универсальным именем символа "\u043B", невозможно представить в текущей кодовой странице (1252)
C:\Users\sratov\source\repos\Programming_2_st_course\UNN\mp2-lab1-set\samples\sample_prime_numbers.cpp(52): warning C4566: символ, представленный универсальным именем символа "\u0430", невозможно представить в текущей кодовой странице (1252)
C:\Users\sratov\source\repos\Programming_2_st_course\UNN\mp2-lab1-set\samples\sample_prime_numbers.cpp(52): warning C4566: символ, представленный универсальным именем символа "\u043E", невозможно представить в текущей кодовой странице (1252)
C:\Users\sratov\source\repos\Programming_2_st_course\UNN\mp2-lab1-set\samples\sample_prime_numbers.cpp(52): warning C4566: символ, представленный универсальным именем символа "\u0442", невозможно представить в текущей кодовой странице (1252)
  sample_prime_numbers.vcxproj -> C:\Users\sratov\source\repos\Programming_2_st_course\UNN\mp2-lab1-set\build\bin\sample_prime_numbers.exe
