cl : командная строка warning D9035: использование параметра "Gm" нежелательно, он будет удален в следующих выпусках
  tset.cpp
  tbitfield.cpp
  Создание кода...
c:\users\sratov\source\repos\programming_2'st_course\unn\mp2-lab1-set\src\tbitfield.cpp(24): error C4716: TBitField::GetMemIndex: должна возвращать значение
c:\users\sratov\source\repos\programming_2'st_course\unn\mp2-lab1-set\src\tbitfield.cpp(54): error C4716: TBitField::operator=: должна возвращать значение
c:\users\sratov\source\repos\programming_2'st_course\unn\mp2-lab1-set\src\tbitfield.cpp(72): error C4716: TBitField::operator&: должна возвращать значение
c:\users\sratov\source\repos\programming_2'st_course\unn\mp2-lab1-set\src\tbitfield.cpp(28): error C4716: TBitField::GetMemMask: должна возвращать значение
c:\users\sratov\source\repos\programming_2'st_course\unn\mp2-lab1-set\src\tbitfield.cpp(76): error C4716: TBitField::operator~: должна возвращать значение
c:\users\sratov\source\repos\programming_2'st_course\unn\mp2-lab1-set\src\tbitfield.cpp(82): error C4716: operator>>: должна возвращать значение
c:\users\sratov\source\repos\programming_2'st_course\unn\mp2-lab1-set\src\tbitfield.cpp(86): error C4716: operator<<: должна возвращать значение
c:\users\sratov\source\repos\programming_2'st_course\unn\mp2-lab1-set\src\tbitfield.cpp(68): error C4716: TBitField::operator|: должна возвращать значение
c:\users\sratov\source\repos\programming_2'st_course\unn\mp2-lab1-set\src\tset.cpp(30): error C4716: TSet::GetMaxPower: должна возвращать значение
c:\users\sratov\source\repos\programming_2'st_course\unn\mp2-lab1-set\src\tset.cpp(49): error C4716: TSet::operator=: должна возвращать значение
c:\users\sratov\source\repos\programming_2'st_course\unn\mp2-lab1-set\src\tset.cpp(26): error C4716: TSet::operator TBitField: должна возвращать значение
c:\users\sratov\source\repos\programming_2'st_course\unn\mp2-lab1-set\src\tset.cpp(62): error C4716: TSet::operator+: должна возвращать значение
c:\users\sratov\source\repos\programming_2'st_course\unn\mp2-lab1-set\src\tset.cpp(66): error C4716: TSet::operator+: должна возвращать значение
c:\users\sratov\source\repos\programming_2'st_course\unn\mp2-lab1-set\src\tset.cpp(70): error C4716: TSet::operator-: должна возвращать значение
c:\users\sratov\source\repos\programming_2'st_course\unn\mp2-lab1-set\src\tset.cpp(74): error C4716: TSet::operator*: должна возвращать значение
c:\users\sratov\source\repos\programming_2'st_course\unn\mp2-lab1-set\src\tset.cpp(78): error C4716: TSet::operator~: должна возвращать значение
c:\users\sratov\source\repos\programming_2'st_course\unn\mp2-lab1-set\src\tset.cpp(84): error C4716: operator>>: должна возвращать значение
c:\users\sratov\source\repos\programming_2'st_course\unn\mp2-lab1-set\src\tset.cpp(88): error C4716: operator<<: должна возвращать значение
c:\users\sratov\source\repos\programming_2'st_course\unn\mp2-lab1-set\src\tset.cpp(58): error C4716: TSet::operator!=: должна возвращать значение
